\BOOKMARK [0][-]{chapter.1}{Introducci\363n}{}% 1
\BOOKMARK [1][-]{section.1.1}{Consideraciones Preliminares}{chapter.1}% 2
\BOOKMARK [1][-]{section.1.2}{Objetivos}{chapter.1}% 3
\BOOKMARK [1][-]{section.1.3}{Organizaci\363n del Trabajo}{chapter.1}% 4
\BOOKMARK [0][-]{chapter.2}{Modelos de clases latentes y diagn\363stico cognitivo}{}% 5
\BOOKMARK [1][-]{section.2.1}{Modelos de clases latentes}{chapter.2}% 6
\BOOKMARK [1][-]{section.2.2}{Cadenas de Markov}{chapter.2}% 7
\BOOKMARK [1][-]{section.2.3}{Modelos de transici\363n de clases latentes}{chapter.2}% 8
\BOOKMARK [2][-]{subsection.2.3.1}{Introducci\363n}{section.2.3}% 9
\BOOKMARK [2][-]{subsection.2.3.2}{Las prevalencias de los estados latentes}{section.2.3}% 10
\BOOKMARK [2][-]{subsection.2.3.3}{Las probabilidades de respuesta al item}{section.2.3}% 11
\BOOKMARK [2][-]{subsection.2.3.4}{Las probabilidades de transici\363n}{section.2.3}% 12
\BOOKMARK [2][-]{subsection.2.3.5}{Restricci\363n de par\341metros en el an\341lisis de transici\363n latente}{section.2.3}% 13
\BOOKMARK [2][-]{subsection.2.3.6}{Restricciones en las probabilidades de respuesta al \355tem}{section.2.3}% 14
\BOOKMARK [1][-]{section.2.4}{Modelos de diagn\363stico cognitivo}{chapter.2}% 15
\BOOKMARK [2][-]{subsection.2.4.1}{El modelo DINA}{section.2.4}% 16
\BOOKMARK [2][-]{subsection.2.4.2}{El modelo DINO}{section.2.4}% 17
\BOOKMARK [2][-]{subsection.2.4.3}{El modelo G-DINA}{section.2.4}% 18
\BOOKMARK [0][-]{chapter.3}{Modelos de transici\363n de clases latentes cognitivas}{}% 19
\BOOKMARK [1][-]{section.3.1}{Estimaci\363n del modelo}{chapter.3}% 20
\BOOKMARK [1][-]{section.3.2}{Inferencia del modelo}{chapter.3}% 21
\BOOKMARK [1][-]{section.3.3}{Criterios para la selecci\363n del modelo}{chapter.3}% 22
\BOOKMARK [0][-]{chapter.4}{Estudio de Simulaci\363n}{}% 23
\BOOKMARK [0][-]{appendix*.14}{C\363digo inicial en R}{}% 24
